\BOOKMARK [0][-]{chapter*.3}{\376\377\000H\000o\000w\000\040\000t\000o\000\040\000u\000s\000e\000\040\000t\000h\000i\000s\000\040\000g\000u\000i\000d\000e}{}% 1
\BOOKMARK [0][-]{chapter.1}{\376\377\000C\000o\000m\000b\000u\000s\000t\000i\000o\000n\000\040\000i\000n\000\040\000P\000r\000o\000p\000u\000l\000s\000i\000o\000n\000\040\000a\000n\000d\000\040\000P\000o\000w\000e\000r\000,\000\040\000a\000n\000d\000\040\000W\000h\000y\000\040\000I\000t\000\040\000I\000s\000\040\000H\000a\000r\000d}{}% 2
\BOOKMARK [1][-]{section.1.1}{\376\377\000W\000h\000y\000\040\000c\000o\000m\000b\000u\000s\000t\000i\000o\000n\000\040\000s\000t\000i\000l\000l\000\040\000m\000a\000t\000t\000e\000r\000s}{chapter.1}% 3
\BOOKMARK [1][-]{section.1.2}{\376\377\000W\000h\000a\000t\000\040\000m\000a\000k\000e\000s\000\040\000a\000\040\000r\000e\000a\000c\000t\000i\000n\000g\000\040\000f\000l\000o\000w\000\040\000d\000i\000f\000f\000e\000r\000e\000n\000t}{chapter.1}% 4
\BOOKMARK [1][-]{section.1.3}{\376\377\000C\000o\000m\000b\000u\000s\000t\000o\000r\000\040\000a\000r\000c\000h\000i\000t\000e\000c\000t\000u\000r\000e\000\040\000a\000n\000d\000\040\000r\000e\000q\000u\000i\000r\000e\000m\000e\000n\000t\000s}{chapter.1}% 5
\BOOKMARK [1][-]{section.1.4}{\376\377\000A\000\040\000t\000a\000x\000o\000n\000o\000m\000y\000\040\000o\000f\000\040\000c\000o\000m\000b\000u\000s\000t\000i\000o\000n}{chapter.1}% 6
\BOOKMARK [1][-]{section.1.5}{\376\377\000A\000\040\000l\000i\000t\000t\000l\000e\000\040\000h\000i\000s\000t\000o\000r\000y}{chapter.1}% 7
\BOOKMARK [1][-]{section.1.6}{\376\377\000T\000h\000r\000e\000e\000\040\000l\000e\000v\000e\000l\000s\000\040\000o\000f\000\040\000a\000n\000a\000l\000y\000s\000i\000s\000:\000\040\000t\000h\000e\000\040\000r\000o\000a\000d\000m\000a\000p\000\040\000o\000f\000\040\000t\000h\000i\000s\000\040\000g\000u\000i\000d\000e}{chapter.1}% 8
\BOOKMARK [0][-]{chapter.2}{\376\377\000T\000h\000e\000r\000m\000o\000d\000y\000n\000a\000m\000i\000c\000s\000\040\000o\000f\000\040\000C\000o\000m\000b\000u\000s\000t\000i\000o\000n\000\040\000a\000n\000d\000\040\000C\000h\000e\000m\000i\000c\000a\000l\000\040\000E\000q\000u\000i\000l\000i\000b\000r\000i\000u\000m}{}% 9
\BOOKMARK [1][-]{section.2.1}{\376\377\000P\000e\000r\000f\000e\000c\000t\000\040\000g\000a\000s\000e\000s\000,\000\040\000t\000h\000e\000\040\000l\000a\000w\000s\000\040\000o\000f\000\040\000t\000h\000e\000r\000m\000o\000d\000y\000n\000a\000m\000i\000c\000s\000,\000\040\000a\000n\000d\000\040\000w\000h\000y\000\040\000c\000o\000m\000b\000u\000s\000t\000o\000r\000s\000\040\000r\000u\000n\000\040\000a\000t\000\040\000c\000o\000n\000s\000t\000a\000n\000t\000\040\000p\000r\000e\000s\000s\000u\000r\000e}{chapter.2}% 10
\BOOKMARK [1][-]{section.2.2}{\376\377\000H\000e\000a\000t\000\040\000c\000a\000p\000a\000c\000i\000t\000y\000\040\000a\000n\000d\000\040\000w\000h\000y\000\040\000i\000t\000\040\000v\000a\000r\000i\000e\000s}{chapter.2}% 11
\BOOKMARK [1][-]{section.2.3}{\376\377\000T\000h\000e\000\040\000t\000y\000p\000e\000s\000\040\000o\000f\000\040\000e\000n\000t\000h\000a\000l\000p\000y\000\040\000a\000n\000d\000\040\000t\000h\000e\000\040\000h\000e\000a\000t\000\040\000o\000f\000\040\000r\000e\000a\000c\000t\000i\000o\000n}{chapter.2}% 12
\BOOKMARK [1][-]{section.2.4}{\376\377\000T\000h\000e\000\040\000a\000d\000i\000a\000b\000a\000t\000i\000c\000\040\000f\000l\000a\000m\000e\000\040\000t\000e\000m\000p\000e\000r\000a\000t\000u\000r\000e}{chapter.2}% 13
\BOOKMARK [1][-]{section.2.5}{\376\377\000C\000h\000e\000m\000i\000c\000a\000l\000\040\000e\000q\000u\000i\000l\000i\000b\000r\000i\000u\000m\000\040\000a\000n\000d\000\040\000f\000r\000e\000e\000\040\000e\000n\000e\000r\000g\000y}{chapter.2}% 14
\BOOKMARK [2][-]{subsection.2.5.1}{\376\377\000F\000r\000o\000m\000\040\000t\000h\000e\000\040\000s\000e\000c\000o\000n\000d\000\040\000l\000a\000w\000\040\000t\000o\000\040\000t\000h\000e\000\040\000G\000i\000b\000b\000s\000\040\000f\000u\000n\000c\000t\000i\000o\000n}{section.2.5}% 15
\BOOKMARK [2][-]{subsection.2.5.2}{\376\377\000T\000h\000e\000\040\000l\000a\000w\000\040\000o\000f\000\040\000m\000a\000s\000s\000\040\000a\000c\000t\000i\000o\000n\000\040\000a\000n\000d\000\040\000t\000h\000e\000\040\000e\000q\000u\000i\000l\000i\000b\000r\000i\000u\000m\000\040\000c\000o\000n\000s\000t\000a\000n\000t}{section.2.5}% 16
\BOOKMARK [2][-]{subsection.2.5.3}{\376\377\000L\000e\000\040\000C\000h\000a\000t\000e\000l\000i\000e\000r\000'\000s\000\040\000p\000r\000i\000n\000c\000i\000p\000l\000e\000:\000\040\000p\000r\000e\000s\000s\000u\000r\000e\000\040\000a\000n\000d\000\040\000p\000r\000e\000h\000e\000a\000t\000\040\000r\000e\000v\000i\000s\000i\000t\000e\000d}{section.2.5}% 17
\BOOKMARK [2][-]{subsection.2.5.4}{\376\377\000W\000h\000e\000n\000\040\000e\000q\000u\000i\000l\000i\000b\000r\000i\000u\000m\000\040\000i\000s\000\040\000a\000n\000d\000\040\000i\000s\000\040\000n\000o\000t\000\040\000e\000n\000o\000u\000g\000h}{section.2.5}% 18
\BOOKMARK [0][-]{chapter.3}{\376\377\000C\000h\000e\000m\000i\000c\000a\000l\000\040\000K\000i\000n\000e\000t\000i\000c\000s}{}% 19
\BOOKMARK [1][-]{section.3.1}{\376\377\000W\000h\000e\000n\000\040\000d\000o\000e\000s\000\040\000f\000i\000n\000i\000t\000e\000-\000r\000a\000t\000e\000\040\000c\000h\000e\000m\000i\000s\000t\000r\000y\000\040\000m\000a\000t\000t\000e\000r\000?}{chapter.3}% 20
\BOOKMARK [1][-]{section.3.2}{\376\377\000T\000h\000e\000\040\000r\000e\000a\000c\000t\000i\000o\000n\000\040\000r\000a\000t\000e\000\040\000a\000n\000d\000\040\000t\000h\000e\000\040\000l\000a\000w\000\040\000o\000f\000\040\000m\000a\000s\000s\000\040\000a\000c\000t\000i\000o\000n}{chapter.3}% 21
\BOOKMARK [1][-]{section.3.3}{\376\377\000C\000o\000l\000l\000i\000s\000i\000o\000n\000\040\000t\000h\000e\000o\000r\000y\000\040\000a\000n\000d\000\040\000t\000h\000e\000\040\000A\000r\000r\000h\000e\000n\000i\000u\000s\000\040\000l\000a\000w}{chapter.3}% 22
\BOOKMARK [1][-]{section.3.4}{\376\377\000E\000l\000e\000m\000e\000n\000t\000a\000r\000y\000\040\000r\000e\000a\000c\000t\000i\000o\000n\000s\000,\000\040\000r\000a\000d\000i\000c\000a\000l\000s\000\040\000a\000n\000d\000\040\000t\000h\000e\000\040\000c\000o\000n\000s\000t\000r\000u\000c\000t\000i\000o\000n\000\040\000o\000f\000\040\000a\000\040\000m\000e\000c\000h\000a\000n\000i\000s\000m}{chapter.3}% 23
\BOOKMARK [1][-]{section.3.5}{\376\377\000A\000u\000t\000o\000-\000i\000g\000n\000i\000t\000i\000o\000n\000,\000\040\000c\000h\000a\000i\000n\000\040\000e\000x\000p\000l\000o\000s\000i\000o\000n\000s\000\040\000a\000n\000d\000\040\000e\000x\000p\000l\000o\000s\000i\000o\000n\000\040\000l\000i\000m\000i\000t\000s}{chapter.3}% 24
\BOOKMARK [1][-]{section.3.6}{\376\377\000M\000e\000c\000h\000a\000n\000i\000s\000m\000s\000\040\000i\000n\000\040\000p\000r\000a\000c\000t\000i\000c\000e}{chapter.3}% 25
\BOOKMARK [0][-]{chapter.4}{\376\377\000G\000o\000v\000e\000r\000n\000i\000n\000g\000\040\000E\000q\000u\000a\000t\000i\000o\000n\000s\000\040\000a\000n\000d\000\040\000M\000o\000l\000e\000c\000u\000l\000a\000r\000\040\000T\000r\000a\000n\000s\000p\000o\000r\000t}{}% 26
\BOOKMARK [1][-]{section.4.1}{\376\377\000W\000h\000a\000t\000\040\000i\000s\000\040\000c\000o\000n\000s\000e\000r\000v\000e\000d\000,\000\040\000a\000n\000d\000\040\000t\000h\000e\000\040\000c\000o\000n\000t\000r\000o\000l\000-\000v\000o\000l\000u\000m\000e\000\040\000i\000d\000e\000a}{chapter.4}% 27
\BOOKMARK [1][-]{section.4.2}{\376\377\000M\000a\000s\000s\000\040\000a\000n\000d\000\040\000m\000o\000m\000e\000n\000t\000u\000m}{chapter.4}% 28
\BOOKMARK [1][-]{section.4.3}{\376\377\000S\000p\000e\000c\000i\000e\000s\000\040\000m\000a\000s\000s\000\040\000a\000n\000d\000\040\000t\000h\000e\000\040\000d\000i\000f\000f\000u\000s\000i\000o\000n\000\040\000v\000e\000l\000o\000c\000i\000t\000y}{chapter.4}% 29
\BOOKMARK [1][-]{section.4.4}{\376\377\000E\000n\000e\000r\000g\000y}{chapter.4}% 30
\BOOKMARK [1][-]{section.4.5}{\376\377\000M\000o\000d\000e\000l\000l\000i\000n\000g\000\040\000t\000h\000e\000\040\000s\000p\000e\000c\000i\000e\000s\000\040\000d\000i\000f\000f\000u\000s\000i\000v\000e\000\040\000f\000l\000u\000x}{chapter.4}% 31
\BOOKMARK [1][-]{section.4.6}{\376\377\000T\000h\000e\000\040\000t\000r\000a\000n\000s\000p\000o\000r\000t\000\040\000a\000n\000a\000l\000o\000g\000y\000\040\000a\000n\000d\000\040\000t\000h\000e\000\040\000d\000i\000m\000e\000n\000s\000i\000o\000n\000l\000e\000s\000s\000\040\000g\000r\000o\000u\000p\000s}{chapter.4}% 32
\BOOKMARK [1][-]{section.4.7}{\376\377\000T\000h\000e\000\040\000c\000o\000n\000s\000t\000a\000n\000t\000-\000L\000e\000w\000i\000s\000-\000n\000u\000m\000b\000e\000r\000\040\000m\000o\000d\000e\000l\000\040\000a\000n\000d\000\040\000w\000h\000y\000\040\000L\000e\000=\0001\000\040\000m\000a\000t\000t\000e\000r\000s}{chapter.4}% 33
\BOOKMARK [1][-]{section.4.8}{\376\377\000E\000q\000u\000a\000t\000i\000o\000n\000s\000\040\000o\000f\000\040\000s\000t\000a\000t\000e\000\040\000a\000n\000d\000\040\000c\000l\000o\000s\000i\000n\000g\000\040\000t\000h\000e\000\040\000s\000y\000s\000t\000e\000m}{chapter.4}% 34
\BOOKMARK [1][-]{section.4.9}{\376\377\000C\000o\000n\000v\000e\000c\000t\000i\000o\000n\000,\000\040\000d\000i\000f\000f\000u\000s\000i\000o\000n\000\040\000a\000n\000d\000\040\000r\000e\000a\000c\000t\000i\000o\000n\000\040\000i\000n\000\040\000b\000a\000l\000a\000n\000c\000e}{chapter.4}% 35
\BOOKMARK [0][-]{chapter.5}{\376\377\000L\000a\000m\000i\000n\000a\000r\000\040\000P\000r\000e\000m\000i\000x\000e\000d\000\040\000F\000l\000a\000m\000e\000s}{}% 36
\BOOKMARK [1][-]{section.5.1}{\376\377\000S\000t\000r\000u\000c\000t\000u\000r\000e\000\040\000a\000n\000d\000\040\000t\000h\000e\000\040\000i\000d\000e\000a\000l\000i\000s\000e\000d\000\040\000p\000r\000o\000p\000a\000g\000a\000t\000i\000n\000g\000\040\000f\000l\000a\000m\000e}{chapter.5}% 37
\BOOKMARK [1][-]{section.5.2}{\376\377\000T\000h\000e\000\040\000p\000r\000o\000g\000r\000e\000s\000s\000\040\000v\000a\000r\000i\000a\000b\000l\000e}{chapter.5}% 38
\BOOKMARK [1][-]{section.5.3}{\376\377\000F\000l\000a\000m\000e\000\040\000t\000h\000i\000c\000k\000n\000e\000s\000s\000:\000\040\000t\000w\000o\000\040\000d\000e\000f\000i\000n\000i\000t\000i\000o\000n\000s}{chapter.5}% 39
\BOOKMARK [1][-]{section.5.4}{\376\377\000T\000h\000r\000e\000e\000\040\000d\000e\000f\000i\000n\000i\000t\000i\000o\000n\000s\000\040\000o\000f\000\040\000f\000l\000a\000m\000e\000\040\000s\000p\000e\000e\000d}{chapter.5}% 40
\BOOKMARK [1][-]{section.5.5}{\376\377\000E\000s\000t\000i\000m\000a\000t\000i\000n\000g\000\040\000t\000h\000e\000\040\000l\000a\000m\000i\000n\000a\000r\000\040\000b\000u\000r\000n\000i\000n\000g\000\040\000v\000e\000l\000o\000c\000i\000t\000y\000:\000\040\000t\000h\000e\000r\000m\000a\000l\000\040\000f\000l\000a\000m\000e\000\040\000t\000h\000e\000o\000r\000y}{chapter.5}% 41
\BOOKMARK [1][-]{section.5.6}{\376\377\000H\000o\000w\000\040\000t\000h\000e\000\040\000l\000a\000m\000i\000n\000a\000r\000\040\000b\000u\000r\000n\000i\000n\000g\000\040\000v\000e\000l\000o\000c\000i\000t\000y\000\040\000d\000e\000p\000e\000n\000d\000s\000\040\000o\000n\000\040\000t\000h\000e\000\040\000m\000i\000x\000t\000u\000r\000e}{chapter.5}% 42
\BOOKMARK [1][-]{section.5.7}{\376\377\000D\000e\000f\000l\000a\000g\000r\000a\000t\000i\000o\000n\000\040\000a\000n\000d\000\040\000d\000e\000t\000o\000n\000a\000t\000i\000o\000n\000:\000\040\000t\000h\000e\000\040\000R\000a\000n\000k\000i\000n\000e\040\023\000H\000u\000g\000o\000n\000i\000o\000t\000\040\000p\000i\000c\000t\000u\000r\000e}{chapter.5}% 43
\BOOKMARK [1][-]{section.5.8}{\376\377\000F\000l\000a\000m\000e\000\040\000s\000t\000a\000b\000i\000l\000i\000s\000a\000t\000i\000o\000n\000,\000\040\000f\000l\000a\000s\000h\000b\000a\000c\000k\000\040\000a\000n\000d\000\040\000b\000l\000o\000w\000-\000o\000f\000f}{chapter.5}% 44
\BOOKMARK [0][-]{chapter.6}{\376\377\000L\000a\000m\000i\000n\000a\000r\000\040\000N\000o\000n\000-\000P\000r\000e\000m\000i\000x\000e\000d\000\040\000\050\000D\000i\000f\000f\000u\000s\000i\000o\000n\000\051\000\040\000F\000l\000a\000m\000e\000s}{}% 45
\BOOKMARK [1][-]{section.6.1}{\376\377\000T\000h\000e\000\040\000m\000i\000x\000t\000u\000r\000e\000\040\000f\000r\000a\000c\000t\000i\000o\000n}{chapter.6}% 46
\BOOKMARK [1][-]{section.6.2}{\376\377\000T\000h\000e\000\040\000s\000t\000o\000i\000c\000h\000i\000o\000m\000e\000t\000r\000i\000c\000\040\000m\000i\000x\000t\000u\000r\000e\000\040\000f\000r\000a\000c\000t\000i\000o\000n\000\040\000a\000n\000d\000\040\000t\000h\000e\000\040\000f\000l\000a\000m\000e\000\040\000l\000o\000c\000a\000t\000i\000o\000n}{chapter.6}% 47
\BOOKMARK [1][-]{section.6.3}{\376\377\000T\000h\000e\000\040\000B\000u\000r\000k\000e\040\023\000S\000c\000h\000u\000m\000a\000n\000n\000\040\000l\000i\000m\000i\000t\000:\000\040\000`\000`\000m\000i\000x\000e\000d\000\040\000i\000s\000\040\000b\000u\000r\000n\000e\000d\000'\000'}{chapter.6}% 48
\BOOKMARK [1][-]{section.6.4}{\376\377\000D\000e\000p\000a\000r\000t\000u\000r\000e\000s\000\040\000f\000r\000o\000m\000\040\000e\000q\000u\000i\000l\000i\000b\000r\000i\000u\000m\000\040\000a\000n\000d\000\040\000t\000h\000e\000\040\000f\000l\000a\000m\000e\000l\000e\000t\000\040\000m\000o\000d\000e\000l}{chapter.6}% 49
\BOOKMARK [1][-]{section.6.5}{\376\377\000W\000h\000y\000\040\000d\000i\000f\000f\000u\000s\000i\000o\000n\000\040\000f\000l\000a\000m\000e\000s\000\040\000r\000e\000s\000p\000o\000n\000d\000\040\000i\000m\000m\000e\000d\000i\000a\000t\000e\000l\000y\000\040\000t\000o\000\040\000s\000t\000r\000a\000i\000n}{chapter.6}% 50
\BOOKMARK [1][-]{section.6.6}{\376\377\000T\000h\000e\000\040\000c\000a\000n\000d\000l\000e\000:\000\040\000t\000h\000e\000\040\000c\000a\000n\000o\000n\000i\000c\000a\000l\000\040\000l\000a\000m\000i\000n\000a\000r\000\040\000d\000i\000f\000f\000u\000s\000i\000o\000n\000\040\000f\000l\000a\000m\000e}{chapter.6}% 51
\BOOKMARK [0][-]{chapter.7}{\376\377\000F\000l\000a\000m\000e\000\040\000S\000t\000r\000e\000t\000c\000h\000,\000\040\000C\000u\000r\000v\000a\000t\000u\000r\000e\000\040\000a\000n\000d\000\040\000I\000n\000t\000r\000i\000n\000s\000i\000c\000\040\000I\000n\000s\000t\000a\000b\000i\000l\000i\000t\000i\000e\000s}{}% 52
\BOOKMARK [1][-]{section.7.1}{\376\377\000D\000e\000f\000i\000n\000i\000t\000i\000o\000n\000\040\000o\000f\000\040\000s\000t\000r\000e\000t\000c\000h}{chapter.7}% 53
\BOOKMARK [1][-]{section.7.2}{\376\377\000S\000t\000r\000e\000t\000c\000h\000\040\000o\000n\000\040\000a\000n\000\040\000i\000n\000f\000i\000n\000i\000t\000e\000l\000y\000\040\000t\000h\000i\000n\000\040\000f\000l\000a\000m\000e\000:\000\040\000t\000h\000e\000\040\000h\000y\000d\000r\000o\000d\000y\000n\000a\000m\000i\000c\000\040\000l\000i\000m\000i\000t}{chapter.7}% 54
\BOOKMARK [1][-]{section.7.3}{\376\377\000F\000i\000n\000i\000t\000e\000-\000t\000h\000i\000c\000k\000n\000e\000s\000s\000\040\000f\000l\000a\000m\000e\000s\000:\000\040\000m\000o\000d\000e\000r\000a\000t\000e\000\040\000v\000e\000r\000s\000u\000s\000\040\000l\000a\000r\000g\000e\000\040\000s\000t\000r\000e\000t\000c\000h}{chapter.7}% 55
\BOOKMARK [1][-]{section.7.4}{\376\377\000M\000a\000r\000k\000s\000t\000e\000i\000n\000\040\000l\000e\000n\000g\000t\000h\000\040\000a\000n\000d\000\040\000d\000i\000f\000f\000e\000r\000e\000n\000t\000i\000a\000l\000\040\000d\000i\000f\000f\000u\000s\000i\000o\000n}{chapter.7}% 56
\BOOKMARK [1][-]{section.7.5}{\376\377\000S\000t\000r\000e\000t\000c\000h\000\040\000i\000n\000\040\000d\000i\000f\000f\000u\000s\000i\000o\000n\000\040\000f\000l\000a\000m\000e\000s}{chapter.7}% 57
\BOOKMARK [1][-]{section.7.6}{\376\377\000I\000n\000t\000r\000i\000n\000s\000i\000c\000\040\000f\000l\000a\000m\000e\000\040\000i\000n\000s\000t\000a\000b\000i\000l\000i\000t\000i\000e\000s}{chapter.7}% 58
\BOOKMARK [0][-]{chapter.8}{\376\377\000T\000u\000r\000b\000u\000l\000e\000n\000c\000e\000\040\000a\000n\000d\000\040\000T\000u\000r\000b\000u\000l\000e\000n\000t\000\040\000T\000r\000a\000n\000s\000p\000o\000r\000t}{}% 59
\BOOKMARK [1][-]{section.8.1}{\376\377\000T\000h\000e\000\040\000q\000u\000a\000l\000i\000t\000a\000t\000i\000v\000e\000\040\000e\000f\000f\000e\000c\000t\000\040\000o\000f\000\040\000t\000u\000r\000b\000u\000l\000e\000n\000c\000e}{chapter.8}% 60
\BOOKMARK [1][-]{section.8.2}{\376\377\000E\000d\000d\000i\000e\000s\000\040\000a\000n\000d\000\040\000t\000h\000e\000\040\000e\000n\000e\000r\000g\000y\000\040\000c\000a\000s\000c\000a\000d\000e}{chapter.8}% 61
\BOOKMARK [1][-]{section.8.3}{\376\377\000I\000n\000t\000e\000g\000r\000a\000l\000\040\000s\000c\000a\000l\000e\000s\000\040\000a\000n\000d\000\040\000t\000h\000e\000\040\000t\000u\000r\000b\000u\000l\000e\000n\000t\000\040\000R\000e\000y\000n\000o\000l\000d\000s\000\040\000n\000u\000m\000b\000e\000r}{chapter.8}% 62
\BOOKMARK [1][-]{section.8.4}{\376\377\000T\000h\000e\000\040\000K\000o\000l\000m\000o\000g\000o\000r\000o\000v\000\040\000s\000c\000a\000l\000e\000s}{chapter.8}% 63
\BOOKMARK [1][-]{section.8.5}{\376\377\000T\000u\000r\000b\000u\000l\000e\000n\000t\000\040\000t\000r\000a\000n\000s\000p\000o\000r\000t\000\040\000a\000n\000d\000\040\000t\000h\000e\000\040\000c\000l\000o\000s\000u\000r\000e\000\040\000p\000r\000o\000b\000l\000e\000m}{chapter.8}% 64
\BOOKMARK [1][-]{section.8.6}{\376\377\000C\000o\000m\000p\000a\000r\000i\000n\000g\000\040\000f\000l\000a\000m\000e\000\040\000a\000n\000d\000\040\000t\000u\000r\000b\000u\000l\000e\000n\000c\000e\000\040\000s\000c\000a\000l\000e\000s\000:\000\040\000D\000a\000m\000k\000\366\000h\000l\000e\000r\000\040\000a\000n\000d\000\040\000K\000a\000r\000l\000o\000v\000i\000t\000z\000\040\000n\000u\000m\000b\000e\000r\000s}{chapter.8}% 65
\BOOKMARK [1][-]{section.8.7}{\376\377\000T\000h\000e\000\040\000p\000r\000e\000m\000i\000x\000e\000d\000\040\000c\000o\000m\000b\000u\000s\000t\000i\000o\000n\000\040\000r\000e\000g\000i\000m\000e\000\040\000d\000i\000a\000g\000r\000a\000m}{chapter.8}% 66
\BOOKMARK [1][-]{section.8.8}{\376\377\000T\000h\000e\000\040\000t\000u\000r\000b\000u\000l\000e\000n\000t\000\040\000b\000u\000r\000n\000i\000n\000g\000\040\000v\000e\000l\000o\000c\000i\000t\000y}{chapter.8}% 67
\BOOKMARK [0][-]{chapter.9}{\376\377\000T\000u\000r\000b\000u\000l\000e\000n\000t\000\040\000C\000o\000m\000b\000u\000s\000t\000i\000o\000n\000\040\000a\000n\000d\000\040\000I\000t\000s\000\040\000M\000o\000d\000e\000l\000l\000i\000n\000g}{}% 68
\BOOKMARK [1][-]{section.9.1}{\376\377\000W\000h\000y\000\040\000t\000u\000r\000b\000u\000l\000e\000n\000t\000\040\000c\000o\000m\000b\000u\000s\000t\000i\000o\000n\000\040\000C\000F\000D\000\040\000i\000s\000\040\000h\000a\000r\000d}{chapter.9}% 69
\BOOKMARK [1][-]{section.9.2}{\376\377\000T\000h\000e\000\040\000c\000l\000o\000s\000u\000r\000e\000\040\000p\000r\000o\000b\000l\000e\000m\000:\000\040\000t\000h\000e\000\040\000m\000e\000a\000n\000\040\000r\000e\000a\000c\000t\000i\000o\000n\000\040\000r\000a\000t\000e}{chapter.9}% 70
\BOOKMARK [1][-]{section.9.3}{\376\377\000D\000N\000S\000,\000\040\000R\000A\000N\000S\000\040\000a\000n\000d\000\040\000L\000E\000S\000,\000\040\000a\000n\000d\000\040\000t\000h\000e\000\040\000b\000u\000r\000n\000i\000n\000g\000\040\000v\000e\000l\000o\000c\000i\000t\000i\000e\000s}{chapter.9}% 71
\BOOKMARK [1][-]{section.9.4}{\376\377\000G\000e\000n\000e\000r\000a\000l\000-\000p\000u\000r\000p\000o\000s\000e\000\040\000c\000l\000o\000s\000u\000r\000e\000s}{chapter.9}% 72
\BOOKMARK [1][-]{section.9.5}{\376\377\000R\000e\000d\000u\000c\000i\000n\000g\000\040\000t\000h\000e\000\040\000c\000h\000e\000m\000i\000c\000a\000l\000\040\000c\000o\000s\000t}{chapter.9}% 73
\BOOKMARK [1][-]{section.9.6}{\376\377\000P\000r\000e\000m\000i\000x\000e\000d\000\040\000c\000l\000o\000s\000u\000r\000e\000s\000:\000\040\000f\000l\000a\000m\000e\000\040\000s\000u\000r\000f\000a\000c\000e\000\040\000d\000e\000n\000s\000i\000t\000y\000\040\000a\000n\000d\000\040\000f\000l\000a\000m\000e\000-\000s\000p\000e\000e\000d\000\040\000c\000l\000o\000s\000u\000r\000e}{chapter.9}% 74
\BOOKMARK [1][-]{section.9.7}{\376\377\000F\000l\000a\000m\000e\000l\000e\000t\000\040\000a\000n\000d\000\040\000t\000a\000b\000u\000l\000a\000t\000e\000d\000-\000c\000h\000e\000m\000i\000s\000t\000r\000y\000\040\000m\000o\000d\000e\000l\000s}{chapter.9}% 75
\BOOKMARK [1][-]{section.9.8}{\376\377\000G\000r\000a\000d\000i\000e\000n\000t\000\040\000a\000n\000d\000\040\000c\000o\000u\000n\000t\000e\000r\000-\000g\000r\000a\000d\000i\000e\000n\000t\000\040\000t\000u\000r\000b\000u\000l\000e\000n\000t\000\040\000t\000r\000a\000n\000s\000p\000o\000r\000t}{chapter.9}% 76
\BOOKMARK [1][-]{section.9.9}{\376\377\000W\000h\000a\000t\000\040\000t\000o\000\040\000e\000x\000p\000e\000c\000t\000,\000\040\000a\000n\000d\000\040\000t\000h\000e\000\040\000m\000o\000d\000e\000l\000l\000i\000n\000g\000\040\000c\000o\000m\000p\000r\000o\000m\000i\000s\000e}{chapter.9}% 77
\BOOKMARK [0][-]{chapter.10}{\376\377\000E\000x\000p\000e\000r\000i\000m\000e\000n\000t\000a\000l\000\040\000M\000e\000t\000h\000o\000d\000s\000\040\000a\000n\000d\000\040\000L\000a\000s\000e\000r\000\040\000D\000i\000a\000g\000n\000o\000s\000t\000i\000c\000s}{}% 78
\BOOKMARK [1][-]{section.10.1}{\376\377\000W\000h\000a\000t\000\040\000t\000o\000\040\000m\000e\000a\000s\000u\000r\000e\000,\000\040\000a\000n\000d\000\040\000t\000h\000e\000\040\000r\000e\000q\000u\000i\000r\000e\000m\000e\000n\000t\000s}{chapter.10}% 79
\BOOKMARK [1][-]{section.10.2}{\376\377\000I\000n\000t\000r\000u\000s\000i\000v\000e\000\040\000p\000r\000o\000b\000e\000s}{chapter.10}% 80
\BOOKMARK [1][-]{section.10.3}{\376\377\000M\000e\000a\000s\000u\000r\000i\000n\000g\000\040\000t\000h\000e\000\040\000l\000a\000m\000i\000n\000a\000r\000\040\000f\000l\000a\000m\000e\000\040\000s\000p\000e\000e\000d}{chapter.10}% 81
\BOOKMARK [1][-]{section.10.4}{\376\377\000A\000u\000t\000o\000i\000g\000n\000i\000t\000i\000o\000n\000\040\000a\000n\000d\000\040\000f\000l\000a\000s\000h\000b\000a\000c\000k\000\040\000d\000i\000a\000g\000n\000o\000s\000t\000i\000c\000s}{chapter.10}% 82
\BOOKMARK [1][-]{section.10.5}{\376\377\000S\000p\000e\000c\000t\000r\000o\000s\000c\000o\000p\000y\000\040\000a\000n\000d\000\040\000l\000i\000g\000h\000t\040\023\000m\000a\000t\000t\000e\000r\000\040\000i\000n\000t\000e\000r\000a\000c\000t\000i\000o\000n}{chapter.10}% 83
\BOOKMARK [1][-]{section.10.6}{\376\377\000C\000h\000e\000m\000i\000l\000u\000m\000i\000n\000e\000s\000c\000e\000n\000c\000e}{chapter.10}% 84
\BOOKMARK [1][-]{section.10.7}{\376\377\000L\000a\000s\000e\000r\000s\000\040\000a\000n\000d\000\040\000h\000o\000w\000\040\000t\000h\000e\000y\000\040\000w\000o\000r\000k}{chapter.10}% 85
\BOOKMARK [1][-]{section.10.8}{\376\377\000L\000a\000s\000e\000r\000-\000b\000a\000s\000e\000d\000\040\000t\000e\000c\000h\000n\000i\000q\000u\000e\000s}{chapter.10}% 86
\BOOKMARK [0][-]{chapter.11}{\376\377\000P\000o\000l\000l\000u\000t\000a\000n\000t\000\040\000F\000o\000r\000m\000a\000t\000i\000o\000n\000:\000\040\000N\000O\000x\000,\000\040\000C\000O\000,\000\040\000U\000H\000C\000\040\000a\000n\000d\000\040\000S\000o\000o\000t}{}% 87
\BOOKMARK [1][-]{section.11.1}{\376\377\000T\000h\000e\000\040\000a\000i\000r\000c\000r\000a\000f\000t\000\040\000e\000m\000i\000s\000s\000i\000o\000n\000s\000\040\000i\000n\000v\000e\000n\000t\000o\000r\000y\000\040\000a\000n\000d\000\040\000i\000t\000s\000\040\000c\000l\000i\000m\000a\000t\000e\000\040\000i\000m\000p\000a\000c\000t}{chapter.11}% 88
\BOOKMARK [1][-]{section.11.2}{\376\377\000C\000a\000r\000b\000o\000n\000\040\000m\000o\000n\000o\000x\000i\000d\000e\000\040\000a\000n\000d\000\040\000u\000n\000b\000u\000r\000n\000t\000\040\000h\000y\000d\000r\000o\000c\000a\000r\000b\000o\000n\000s}{chapter.11}% 89
\BOOKMARK [1][-]{section.11.3}{\376\377\000S\000o\000o\000t}{chapter.11}% 90
\BOOKMARK [2][-]{subsection.11.3.1}{\376\377\000W\000h\000a\000t\000\040\000s\000o\000o\000t\000\040\000i\000s}{section.11.3}% 91
\BOOKMARK [2][-]{subsection.11.3.2}{\376\377\000T\000h\000e\000\040\000f\000o\000r\000m\000a\000t\000i\000o\000n\000\040\000p\000a\000t\000h\000w\000a\000y}{section.11.3}% 92
\BOOKMARK [2][-]{subsection.11.3.3}{\376\377\000W\000h\000a\000t\000\040\000c\000o\000n\000t\000r\000o\000l\000s\000\040\000s\000o\000o\000t}{section.11.3}% 93
\BOOKMARK [2][-]{subsection.11.3.4}{\376\377\000R\000e\000d\000u\000c\000i\000n\000g\000\040\000s\000o\000o\000t}{section.11.3}% 94
\BOOKMARK [1][-]{section.11.4}{\376\377\000O\000x\000i\000d\000e\000s\000\040\000o\000f\000\040\000n\000i\000t\000r\000o\000g\000e\000n}{chapter.11}% 95
\BOOKMARK [2][-]{subsection.11.4.1}{\376\377\000A\000\040\000n\000o\000n\000-\000e\000q\000u\000i\000l\000i\000b\000r\000i\000u\000m\000,\000\040\000A\000r\000r\000h\000e\000n\000i\000u\000s\000-\000c\000o\000n\000t\000r\000o\000l\000l\000e\000d\000\040\000p\000r\000o\000c\000e\000s\000s}{section.11.4}% 96
\BOOKMARK [2][-]{subsection.11.4.2}{\376\377\000W\000h\000a\000t\000\040\000c\000o\000n\000t\000r\000o\000l\000s\000\040\000N\000O\000x\000,\000\040\000a\000n\000d\000\040\000t\000h\000e\000\040\000r\000e\000g\000u\000l\000a\000t\000i\000o\000n\000s}{section.11.4}% 97
\BOOKMARK [2][-]{subsection.11.4.3}{\376\377\000R\000e\000d\000u\000c\000i\000n\000g\000\040\000N\000O\000x}{section.11.4}% 98
\BOOKMARK [1][-]{section.11.5}{\376\377\000T\000h\000e\000\040\000s\000o\000o\000t\040\023\000N\000O\000x\040\023\000C\000O\000\040\000t\000r\000a\000d\000e\000-\000o\000f\000f}{chapter.11}% 99
\BOOKMARK [0][-]{chapter.12}{\376\377\000P\000r\000a\000c\000t\000i\000c\000a\000l\000\040\000C\000o\000m\000b\000u\000s\000t\000i\000o\000n\000\040\000S\000y\000s\000t\000e\000m\000s\000\040\000a\000n\000d\000\040\000A\000e\000r\000o\000-\000E\000n\000g\000i\000n\000e\000\040\000C\000o\000m\000b\000u\000s\000t\000o\000r\000s}{}% 100
\BOOKMARK [1][-]{section.12.1}{\376\377\000C\000h\000a\000r\000a\000c\000t\000e\000r\000i\000s\000t\000i\000c\000s\000\040\000o\000f\000\040\000t\000h\000e\000\040\000a\000e\000r\000o\000-\000e\000n\000g\000i\000n\000e\000\040\000c\000o\000m\000b\000u\000s\000t\000o\000r}{chapter.12}% 101
\BOOKMARK [1][-]{section.12.2}{\376\377\000A\000r\000c\000h\000i\000t\000e\000c\000t\000u\000r\000e\000\040\000a\000n\000d\000\040\000t\000h\000e\000\040\000c\000o\000m\000b\000u\000s\000t\000i\000o\000n\000\040\000z\000o\000n\000e\000s}{chapter.12}% 102
\BOOKMARK [1][-]{section.12.3}{\376\377\000D\000e\000s\000i\000g\000n\000\040\000p\000a\000r\000a\000m\000e\000t\000e\000r\000s}{chapter.12}% 103
\BOOKMARK [1][-]{section.12.4}{\376\377\000F\000l\000a\000m\000e\000\040\000s\000t\000a\000b\000i\000l\000i\000s\000a\000t\000i\000o\000n\000\040\000a\000n\000d\000\040\000t\000h\000e\000\040\000o\000p\000e\000r\000a\000t\000i\000n\000g\000\040\000e\000n\000v\000e\000l\000o\000p\000e}{chapter.12}% 104
\BOOKMARK [1][-]{section.12.5}{\376\377\000C\000o\000m\000b\000u\000s\000t\000i\000o\000n\000\040\000m\000o\000d\000e\000:\000\040\000d\000i\000f\000f\000u\000s\000i\000o\000n\000\040\000v\000e\000r\000s\000u\000s\000\040\000l\000e\000a\000n\000\040\000p\000r\000e\000m\000i\000x\000e\000d}{chapter.12}% 105
\BOOKMARK [1][-]{section.12.6}{\376\377\000L\000o\000w\000-\000e\000m\000i\000s\000s\000i\000o\000n\000\040\000c\000o\000m\000b\000u\000s\000t\000o\000r\000\040\000c\000o\000n\000c\000e\000p\000t\000s}{chapter.12}% 106
\BOOKMARK [2][-]{subsection.12.6.1}{\376\377\000R\000i\000c\000h\000\040\000v\000e\000r\000s\000u\000s\000\040\000l\000e\000a\000n\000:\000\040\000t\000h\000e\000\040\000s\000o\000o\000t\000\040\000p\000i\000c\000t\000u\000r\000e}{section.12.6}% 107
\BOOKMARK [0][-]{chapter.13}{\376\377\000H\000y\000d\000r\000o\000g\000e\000n\000\040\000C\000o\000m\000b\000u\000s\000t\000i\000o\000n\000\040\000f\000o\000r\000\040\000A\000v\000i\000a\000t\000i\000o\000n}{}% 108
\BOOKMARK [1][-]{section.13.1}{\376\377\000W\000h\000y\000\040\000h\000y\000d\000r\000o\000g\000e\000n\000,\000\040\000a\000n\000d\000\040\000i\000n\000\040\000w\000h\000a\000t\000\040\000f\000o\000r\000m}{chapter.13}% 109
\BOOKMARK [1][-]{section.13.2}{\376\377\000H\000y\000d\000r\000o\000g\000e\000n\000\040\000a\000s\000\040\000a\000\040\000f\000u\000e\000l\000:\000\040\000p\000r\000o\000p\000e\000r\000t\000i\000e\000s\000\040\000a\000n\000d\000\040\000t\000h\000e\000\040\000`\000`\000n\000o\000t\000\040\000d\000r\000o\000p\000-\000i\000n\000'\000'\000\040\000p\000r\000o\000b\000l\000e\000m}{chapter.13}% 110
\BOOKMARK [1][-]{section.13.3}{\376\377\000T\000h\000e\000\040\000t\000h\000r\000e\000e\000\040\000c\000o\000u\000p\000l\000e\000d\000\040\000c\000h\000a\000l\000l\000e\000n\000g\000e\000s}{chapter.13}% 111
\BOOKMARK [1][-]{section.13.4}{\376\377\000I\000n\000t\000r\000i\000n\000s\000i\000c\000\040\000i\000n\000s\000t\000a\000b\000i\000l\000i\000t\000i\000e\000s\000\040\000o\000f\000\040\000h\000y\000d\000r\000o\000g\000e\000n\000\040\000f\000l\000a\000m\000e\000s}{chapter.13}% 112
\BOOKMARK [1][-]{section.13.5}{\376\377\000M\000o\000d\000e\000l\000l\000i\000n\000g\000\040\000h\000y\000d\000r\000o\000g\000e\000n\000\040\000f\000l\000a\000m\000e\000s}{chapter.13}% 113
\BOOKMARK [1][-]{section.13.6}{\376\377\000L\000o\000w\000-\000N\000O\000x\000\040\000c\000o\000m\000b\000u\000s\000t\000o\000r\000\040\000t\000e\000c\000h\000n\000o\000l\000o\000g\000i\000e\000s\000\040\000f\000o\000r\000\040\000h\000y\000d\000r\000o\000g\000e\000n}{chapter.13}% 114
\BOOKMARK [1][-]{section.13.7}{\376\377\000D\000e\000s\000i\000g\000n\000\040\000s\000t\000r\000a\000t\000e\000g\000i\000e\000s\000\040\000t\000o\000\040\000p\000r\000e\000v\000e\000n\000t\000\040\000f\000l\000a\000s\000h\000b\000a\000c\000k\000\040\000a\000n\000d\000\040\000i\000n\000s\000t\000a\000b\000i\000l\000i\000t\000i\000e\000s}{chapter.13}% 115
\BOOKMARK [1][-]{section.13.8}{\376\377\000O\000u\000t\000l\000o\000o\000k}{chapter.13}% 116
\BOOKMARK [0][-]{chapter.14}{\376\377\000B\000i\000b\000l\000i\000o\000g\000r\000a\000p\000h\000y}{}% 117
